<?xml version="1.0" encoding="UTF-8"?>
<!-- Generated by org.testng.reporters.JUnitXMLReporter -->
<testsuite ignored="1" hostname="XAV-502000046" failures="0" tests="1" name="Default test" time="12.875" errors="0" timestamp="2021-07-02T19:22:09 IST">
  <testcase classname="TestNG.FullPageScreenShot" name="hdfc" time="12.848"/>
  <testcase classname="TestNG.FullPageScreenShot" name="fullScreenShot" time="0.0">
    <ignored/>
  </testcase> <!-- fullScreenShot -->
</testsuite> <!-- Default test -->
