<?xml version="1.0" encoding="UTF-8"?>
<!-- Generated by org.testng.reporters.JUnitXMLReporter -->
<testsuite ignored="5" hostname="XAV-502000046" failures="0" tests="0" time="0.088" errors="0" timestamp="2021-06-08T17:40:30 IST">
  <testcase classname="TestNG.parameters" name="dependsGroup0" time="0.0">
    <ignored/>
  </testcase> <!-- dependsGroup0 -->
  <testcase classname="TestNG.parameters" name="add" time="0.0">
    <ignored/>
  </testcase> <!-- add -->
  <testcase classname="TestNG.parameters" name="dependsGroup1" time="0.0">
    <ignored/>
  </testcase> <!-- dependsGroup1 -->
  <testcase classname="TestNG.parameters" name="dependsGroup2" time="0.0">
    <ignored/>
  </testcase> <!-- dependsGroup2 -->
  <testcase classname="TestNG.parameters" name="readDataProvider" time="0.0">
    <ignored/>
  </testcase> <!-- readDataProvider -->
</testsuite>
