<?xml version="1.0" encoding="UTF-8"?>
<!-- Generated by org.testng.reporters.JUnitXMLReporter -->
<testsuite ignored="0" hostname="XAV-502000046" failures="0" tests="3" name="PARRELTesting" time="71.671" errors="0" timestamp="2021-06-07T21:41:35 IST">
  <testcase classname="TestNG.parrallelTesting" name="display" time="19.73"/>
  <testcase classname="TestNG.parrallelTesting" name="show" time="24.827"/>
  <testcase classname="TestNG.parrallelTesting" name="show1" time="21.93"/>
</testsuite> <!-- PARRELTesting -->
