<?xml version="1.0" encoding="UTF-8"?>
<!-- Generated by org.testng.reporters.JUnitXMLReporter -->
<testsuite ignored="0" hostname="XAV-502000046" failures="0" tests="3" name="Parrallel method" time="159.089" errors="0" timestamp="2021-06-15T23:21:55 IST">
  <testcase classname="JavaClasses.Telus_Outllok" name="login" time="11.088"/>
  <testcase classname="JavaClasses.XAP_Gmail" name="getSupportTooletips" time="61.178"/>
  <testcase classname="JavaClasses.XAP_Gmail" name="printList" time="26.63"/>
</testsuite> <!-- Parrallel method -->
