<?xml version="1.0" encoding="UTF-8"?>
<!-- Generated by org.testng.reporters.JUnitXMLReporter -->
<testsuite ignored="2" hostname="XAV-502000046" failures="0" tests="3" name="Test" time="0.038" errors="0" timestamp="2021-06-05T22:17:32 IST">
  <testcase classname="TestNG.parameters" name="dependsGroup0" time="0.006"/>
  <testcase classname="TestNG.parameters" name="dependsGroup1" time="0.001"/>
  <testcase classname="TestNG.parameters" name="dependsGroup2" time="0.0"/>
  <testcase classname="TestNG.parameters" name="add" time="0.0">
    <ignored/>
  </testcase> <!-- add -->
  <testcase classname="TestNG.parameters" name="readDataProvider" time="0.0">
    <ignored/>
  </testcase> <!-- readDataProvider -->
</testsuite> <!-- Test -->
