<?xml version="1.0" encoding="UTF-8"?>
<testng-results ignored="1" total="2" passed="1" failed="0" skipped="0">
  <reporter-output>
  </reporter-output>
  <suite started-at="2021-07-02T19:21:56 IST" name="Default suite" finished-at="2021-07-02T19:22:09 IST" duration-ms="12875">
    <groups>
    </groups>
    <test started-at="2021-07-02T19:21:56 IST" name="Default test" finished-at="2021-07-02T19:22:09 IST" duration-ms="12875">
      <class name="TestNG.FullPageScreenShot">
        <test-method signature="hdfc()[pri:1, instance:TestNG.FullPageScreenShot@2e1d27ba]" started-at="2021-07-02T19:21:56 IST" name="hdfc" finished-at="2021-07-02T19:22:09 IST" duration-ms="12848" status="PASS">
          <reporter-output>
          </reporter-output>
        </test-method> <!-- hdfc -->
      </class> <!-- TestNG.FullPageScreenShot -->
    </test> <!-- Default test -->
  </suite> <!-- Default suite -->
</testng-results>
